     1                                  ;------------------------------------------------------------------
     2                                  ; Программа вывода сообщения на экран и ввода строки с клавиатуры
     3                                  ;------------------------------------------------------------------
     4                                  ;------------------- Объявление переменных ----------------
     5                                  SECTION .data ; Секция инициированных данных
     6 00000000 D092D0B2D0B5D0B4D0-     msg: DB 'Введите строку:',10 ; сообщение плюс
     6 00000009 B8D182D0B520D181D1-
     6 00000012 82D180D0BED0BAD183-
     6 0000001B 3A0A               
     7                                  ; символ перевода строки
     8                                  msgLen: EQU $-msg ; Длина переменной 'msg'
     9                                  SECTION .bss ; Секция не инициированных данных
    10 00000000 <res 50h>               buf1: RESB 80 ; Буфер размером 80 байт
    11                                  ;------------------- Текст программы -----------------
    12                                  SECTION .text ; Код программы
    13                                  GLOBAL _start ; Начало программы
    14                                  _start: ; Точка входа в программу
    15                                  ;------------ Cистемный вызов `write`
    16                                  ; После вызова инструкции 'int 80h' на экран будет
    17                                  ; выведено сообщение из переменной 'msg' длиной 'msgLen'
    18 00000000 66B804000000            mov eax,4 ; Системный вызов для записи (sys_write)
    19 00000006 66BB01000000            mov ebx,1 ; Описатель файла 1 - стандартный вывод
    20 0000000C 66B9[00000000]          mov ecx,msg ; Адрес строки 'msg' в 'ecx'
    21 00000012 66BA1D000000            mov edx,msgLen ; Размер строки 'msg' в 'edx'
    22 00000018 CD80                    int 80h ; Вызов ядра
    23                                  ;------------ системный вызов `read` ----------------------
    24                                  ; После вызова инструкции 'int 80h' программа будет ожидать ввода
    25                                  ; строки, которая будет записана в переменную 'buf1' размером 80
    26 0000001A 66B803000000            mov eax, 3 ; Системный вызов для чтения (sys_read)
    27 00000020 66BB00000000            mov ebx, 0 ; Дескриптор файла 0 - стандартный ввод
    28 00000026 66B9[00000000]          mov ecx, buf1 ; Адрес буфера под вводимую строку
    29 0000002C 66BA50000000            mov edx, 80 ; Длина вводимой строки
    30 00000032 CD80                    int 80h ; Вызов ядра
    31                                  ;------------ Системный вызов `exit` ----------------------
    32                                  ; После вызова инструкции 'int 80h' программа завершит работу
    33                                  
    34 00000034 66B804000000            mov eax,4 ; Системный вызов для выхода (sys_exit)
    35 0000003A 66BB01000000            mov ebx,1 ; Выход с кодом возврата 0 (без ошибок)
    36 00000040 CD80                    int 80h ; Вызов ядра
    37                                  
    38 00000042 66B801000000            mov eax,1
    39 00000048 66BB00000000            mov ebx,0
    40 0000004E CD80                    int 80h
